<?xml version="1.0" encoding="UTF-8" ?>
<testsuite errors="0" failures="0" hostname="DESKTOP-2P4CF0J" name="ResultCheckerTest" skipped="0" tests="4" time="0.101" timestamp="2022-05-04T04:46:08">
  <properties>
[...]
</properties>
  <testcase classname="ResultCheckerTest" name="testSecondCoordinateArea" time="0.009" />
  <testcase classname="ResultCheckerTest" name="testFirstCoordinateArea" time="0.0" />
  <testcase classname="ResultCheckerTest" name="testThirdCoordinateArea" time="0.001" />
  <testcase classname="ResultCheckerTest" name="testFourthCoordinateArea" time="0.0" />
  <system-out><![CDATA[]]></system-out>
  <system-err><![CDATA[]]></system-err>
</testsuite>
