<?xml version="1.0" encoding="UTF-8" ?>
<testsuite errors="0" failures="0" hostname="helios" name="ResultCheckerTest" tests="4" time="0.02" timestamp="2022-05-04T08:38:14">
  <properties>
[...]
</properties>
  <testcase classname="ResultCheckerTest" name="testSecondCoordinateArea" time="0.0030" />
  <testcase classname="ResultCheckerTest" name="testFirstCoordinateArea" time="0.0" />
  <testcase classname="ResultCheckerTest" name="testThirdCoordinateArea" time="0.0" />
  <testcase classname="ResultCheckerTest" name="testFourthCoordinateArea" time="0.0" />
  <system-out><![CDATA[]]></system-out>
  <system-err><![CDATA[]]></system-err>
</testsuite>
